2018-07-15 05:39:21 +0000  Initial pipeline context: <IDEDistributionProcessingPipelineContext: 0x7fd8f9daf7b0; archive(resolved)='<IDEArchive: 0x7fd8f8abcb70>', distributionTask(resolved)='2', distributionMethod(resolved)='<IDEDistributionMethodDevelopmentSigned: 0x7fd8fb736f10>', team(resolved)='<IDEProvisioningBasicTeam: 0x7fd8f9c8b5f0; teamID='XF28H54YS2', teamName='Xuesong Li'>'>
	Chain (11, self inclusive):
	<IDEDistributionProcessingPipelineContext: 0x7fd8f9daf7b0; archive = '<IDEArchive: 0x7fd8f8abcb70>', distributionMethod='<IDEDistributionMethodDevelopmentSigned: 0x7fd8fb736f10>', team='<IDEProvisioningBasicTeam: 0x7fd8f9c8b5f0; teamID='XF28H54YS2', teamName='Xuesong Li'>'>
	<IDEDistributionProcessingPipelineContext: 0x7fd8dde8e180; archive = '<IDEArchive: 0x7fd8f8abcb70>', distributionMethod='<IDEDistributionMethodDevelopmentSigned: 0x7fd8fb736f10>', team='<IDEProvisioningBasicTeam: 0x7fd8f9c8b5f0; teamID='XF28H54YS2', teamName='Xuesong Li'>'>
	<IDEDistributionContext: 0x7fd8fc4ac8b0; archive = '<IDEArchive: 0x7fd8f8abcb70>', distributionMethod='<IDEDistributionMethodDevelopmentSigned: 0x7fd8fb736f10>', team='<IDEProvisioningBasicTeam: 0x7fd8f9c8b5f0; teamID='XF28H54YS2', teamName='Xuesong Li'>'>
	<IDEDistributionContext: 0x7fd8faa8ddb0; archive = '<IDEArchive: 0x7fd8f8abcb70>', distributionMethod='<IDEDistributionMethodDevelopmentSigned: 0x7fd8fb736f10>', team='<IDEProvisioningBasicTeam: 0x7fd8f9c8b5f0; teamID='XF28H54YS2', teamName='Xuesong Li'>'>
	<IDEDistributionContext: 0x7fd8f5723cb0; archive = '<IDEArchive: 0x7fd8f8abcb70>', distributionMethod='<IDEDistributionMethodDevelopmentSigned: 0x7fd8fb736f10>', team='<IDEProvisioningBasicTeam: 0x7fd8f9c8b5f0; teamID='XF28H54YS2', teamName='Xuesong Li'>'>
	<IDEDistributionContext: 0x7fd8df911350; archive = '<IDEArchive: 0x7fd8f8abcb70>', distributionMethod='<IDEDistributionMethodDevelopmentSigned: 0x7fd8fb736f10>', team='<IDEProvisioningBasicTeam: 0x7fd8f9c8b5f0; teamID='XF28H54YS2', teamName='Xuesong Li'>'>
	<IDEDistributionContext: 0x7fd8f1493a00; archive = '<IDEArchive: 0x7fd8f8abcb70>', distributionMethod='<IDEDistributionMethodDevelopmentSigned: 0x7fd8fb736f10>', team='<IDEProvisioningBasicTeam: 0x7fd8f9c8b5f0; teamID='XF28H54YS2', teamName='Xuesong Li'>'>
	<IDEDistributionContext: 0x7fd8f14956e0; archive = '<IDEArchive: 0x7fd8f8abcb70>', distributionMethod='<IDEDistributionMethodDevelopmentSigned: 0x7fd8fb736f10>', team='<IDEProvisioningBasicTeam: 0x7fd8f9c8b5f0; teamID='XF28H54YS2', teamName='Xuesong Li'>'>
	<IDEDistributionContext: 0x7fd8f1496370; archive = '<IDEArchive: 0x7fd8f8abcb70>', distributionMethod='<IDEDistributionMethodDevelopmentSigned: 0x7fd8fb736f10>', team='<IDEProvisioningBasicTeam: 0x7fd8f9c8b5f0; teamID='XF28H54YS2', teamName='Xuesong Li'>'>
	<IDEDistributionContext: 0x7fd8f149bb00; archive = '<IDEArchive: 0x7fd8f8abcb70>', distributionMethod='<IDEDistributionMethodDevelopmentSigned: 0x7fd8fb736f10>', team='(null)'>
	<IDEDistributionContext: 0x7fd8f5a9abd0; archive = '<IDEArchive: 0x7fd8f8abcb70>', distributionMethod='(null)', team='(null)'>
</IDEDistributionProcessingPipelineContext: 0x7fd8f9daf7b0>
2018-07-15 05:39:21 +0000  Processing step: IDEDistributionCreateDestRootStep
2018-07-15 05:39:21 +0000  Processing step: IDEDistributionCopyItemStep
2018-07-15 05:39:21 +0000  Running /usr/bin/ditto '-V' '/Users/yang-Mac/Library/Developer/Xcode/Archives/2018-07-15/GPhone 2018-7-15 下午1.38.xcarchive/Products/Applications/GPhone.app' '/var/folders/z9/hy9v2yg96790dz1vkv6j3m5w0000gn/T/XcodeDistPipeline.0Vr/Root/Payload/GPhone.app'
2018-07-15 05:39:21 +0000  >>> Copying /Users/yang-Mac/Library/Developer/Xcode/Archives/2018-07-15/GPhone 2018-7-15 下午1.38.xcarchive/Products/Applications/GPhone.app 
2018-07-15 05:39:21 +0000  copying file ./_CodeSignature/CodeResources ... 
2018-07-15 05:39:21 +0000  41188 bytes for ./_CodeSignature/CodeResources
copying file ./bubble-square-incoming.png ... 
3703 bytes for ./bubble-square-incoming.png
copying file ./icon_avp_video_white@2x.png ... 
2018-07-15 05:39:21 +0000  483 bytes for ./icon_avp_video_white@2x.png
copying file ./bubble-flat-incoming-selected.png ... 
2018-07-15 05:39:21 +0000  821 bytes for ./bubble-flat-incoming-selected.png
copying file ./AppIcon20x20@2x.png ... 
2018-07-15 05:39:21 +0000  1721 bytes for ./AppIcon20x20@2x.png
2018-07-15 05:39:21 +0000  copying file ./icon_av_audio_micro_normal@2x.png ... 
2018-07-15 05:39:21 +0000  3436 bytes for ./icon_av_audio_micro_normal@2x.png
copying file ./icon_avp_mute_white@2x.png ... 
2018-07-15 05:39:21 +0000  1126 bytes for ./icon_avp_mute_white@2x.png
copying file ./icon_avp_mute_gray@2x.png ... 
2018-07-15 05:39:21 +0000  2004 bytes for ./icon_avp_mute_gray@2x.png
2018-07-15 05:39:21 +0000  copying file ./icon_call_reject_normal@2x.png ... 
2018-07-15 05:39:21 +0000  1599 bytes for ./icon_call_reject_normal@2x.png
copying file ./bubble-square-outgoing@2x.png ... 
2018-07-15 05:39:21 +0000  4427 bytes for ./bubble-square-outgoing@2x.png
copying file ./GPhone ... 
2018-07-15 05:39:21 +0000  2529232 bytes for ./GPhone
2018-07-15 05:39:21 +0000  copying file ./send@2x.png ... 
5881 bytes for ./send@2x.png
copying file ./bubble-square-incoming@2x.png ... 
1942 bytes for ./bubble-square-incoming@2x.png
copying file ./icon_avp_loudspeaker_gray@2x.png ... 
1017 bytes for ./icon_avp_loudspeaker_gray@2x.png
copying file ./bubble-flat-outgoing-selected.png ... 
2018-07-15 05:39:21 +0000  847 bytes for ./bubble-flat-outgoing-selected.png
copying file ./bubble-square-incoming-selected@2x.png ... 
2018-07-15 05:39:21 +0000  4665 bytes for ./bubble-square-incoming-selected@2x.png
copying file ./AppIcon20x20@3x.png ... 
2018-07-15 05:39:21 +0000  1989 bytes for ./AppIcon20x20@3x.png
2018-07-15 05:39:21 +0000  copying file ./bubble-square-outgoing-selected@2x.png ... 
2018-07-15 05:39:21 +0000  4669 bytes for ./bubble-square-outgoing-selected@2x.png
copying file ./send-highlighted@2x.png ... 
2018-07-15 05:39:21 +0000  5683 bytes for ./send-highlighted@2x.png
copying file ./CallingViewController.nib ... 
2018-07-15 05:39:21 +0000  1400 bytes for ./CallingViewController.nib
2018-07-15 05:39:21 +0000  copying file ./MJRefresh.bundle/zh-Hans.lproj/Localizable.strings ... 
2018-07-15 05:39:21 +0000  1194 bytes for ./MJRefresh.bundle/zh-Hans.lproj/Localizable.strings
2018-07-15 05:39:21 +0000  copying file ./MJRefresh.bundle/en.lproj/Localizable.strings ... 
2018-07-15 05:39:21 +0000  1372 bytes for ./MJRefresh.bundle/en.lproj/Localizable.strings
2018-07-15 05:39:21 +0000  copying file ./MJRefresh.bundle/arrow@2x.png ... 
2018-07-15 05:39:21 +0000  1033 bytes for ./MJRefresh.bundle/arrow@2x.png
2018-07-15 05:39:21 +0000  copying file ./MJRefresh.bundle/zh-Hant.lproj/Localizable.strings ... 
2018-07-15 05:39:21 +0000  773 bytes for ./MJRefresh.bundle/zh-Hant.lproj/Localizable.strings
2018-07-15 05:39:21 +0000  copying file ./portrait.jpg ... 
2018-07-15 05:39:21 +0000  10533 bytes for ./portrait.jpg
copying file ./im_skin_icon_audiocall_bg.jpg ... 
2018-07-15 05:39:21 +0000  4997 bytes for ./im_skin_icon_audiocall_bg.jpg
2018-07-15 05:39:21 +0000  copying file ./input-field.png ... 
2018-07-15 05:39:21 +0000  1305 bytes for ./input-field.png
copying file ./bubble-default-incoming-green@2x.png ... 
2018-07-15 05:39:21 +0000  9407 bytes for ./bubble-default-incoming-green@2x.png
copying file ./AppIcon60x60@2x.png ... 
2018-07-15 05:39:21 +0000  4641 bytes for ./AppIcon60x60@2x.png
2018-07-15 05:39:21 +0000  copying file ./AppIcon29x29@2x.png ... 
2018-07-15 05:39:21 +0000  1952 bytes for ./AppIcon29x29@2x.png
2018-07-15 05:39:21 +0000  copying file ./GMobileTextFieldViewController.nib/objects-11.0+.nib ... 
2018-07-15 05:39:21 +0000  7460 bytes for ./GMobileTextFieldViewController.nib/objects-11.0+.nib
2018-07-15 05:39:21 +0000  copying file ./GMobileTextFieldViewController.nib/runtime.nib ... 
2018-07-15 05:39:21 +0000  6796 bytes for ./GMobileTextFieldViewController.nib/runtime.nib
2018-07-15 05:39:21 +0000  copying file ./bubble-square-outgoing-selected.png ... 
2018-07-15 05:39:21 +0000  3725 bytes for ./bubble-square-outgoing-selected.png
2018-07-15 05:39:21 +0000  copying file ./bubble-default-outgoing-green.png ... 
2018-07-15 05:39:21 +0000  1898 bytes for ./bubble-default-outgoing-green.png
2018-07-15 05:39:21 +0000  copying file ./bubble-typing@2x.png ... 
2018-07-15 05:39:21 +0000  7899 bytes for ./bubble-typing@2x.png
2018-07-15 05:39:21 +0000  copying file ./AppIcon40x40@3x.png ... 
2018-07-15 05:39:21 +0000  4641 bytes for ./AppIcon40x40@3x.png
2018-07-15 05:39:21 +0000  copying file ./icon_avp_reduce_blue@2x.png ... 
2018-07-15 05:39:21 +0000  695 bytes for ./icon_avp_reduce_blue@2x.png
copying file ./bubble-typing.png ... 
2018-07-15 05:39:21 +0000  4584 bytes for ./bubble-typing.png
copying file ./bubble-default-incoming-selected@2x.png ... 
2018-07-15 05:39:21 +0000  8321 bytes for ./bubble-default-incoming-selected@2x.png
2018-07-15 05:39:21 +0000  copying file ./icon_avp_loudspeaker_black@2x.png ... 
2018-07-15 05:39:21 +0000  1002 bytes for ./icon_avp_loudspeaker_black@2x.png
2018-07-15 05:39:21 +0000  copying file ./bubble-default-outgoing-green@2x.png ... 
2018-07-15 05:39:21 +0000  6730 bytes for ./bubble-default-outgoing-green@2x.png
copying file ./AppIcon40x40@2x.png ... 
2018-07-15 05:39:21 +0000  2897 bytes for ./AppIcon40x40@2x.png
2018-07-15 05:39:21 +0000  copying file ./bubble-default-outgoing.png ... 
2018-07-15 05:39:21 +0000  4329 bytes for ./bubble-default-outgoing.png
2018-07-15 05:39:21 +0000  copying file ./bubble-default-outgoing-selected@2x.png ... 
2018-07-15 05:39:21 +0000  8274 bytes for ./bubble-default-outgoing-selected@2x.png
copying file ./answer@2x.png ... 
2018-07-15 05:39:21 +0000  3507 bytes for ./answer@2x.png
2018-07-15 05:39:21 +0000  copying file ./messageReceived.aiff ... 
2018-07-15 05:39:21 +0000  43454 bytes for ./messageReceived.aiff
2018-07-15 05:39:21 +0000  copying file ./icon_av_reply_message_normal@2x.png ... 
2018-07-15 05:39:21 +0000  742 bytes for ./icon_av_reply_message_normal@2x.png
2018-07-15 05:39:21 +0000  copying file ./icon_avp_reduce_white@2x.png ... 
2018-07-15 05:39:21 +0000  493 bytes for ./icon_avp_reduce_white@2x.png
2018-07-15 05:39:21 +0000  copying file ./icon_avp_invite_white@2x.png ... 
2018-07-15 05:39:21 +0000  839 bytes for ./icon_avp_invite_white@2x.png
2018-07-15 05:39:21 +0000  copying file ./AppIcon29x29@3x.png ... 
2018-07-15 05:39:21 +0000  3149 bytes for ./AppIcon29x29@3x.png
2018-07-15 05:39:21 +0000  copying file ./icon_avp_invite_gray@2x.png ... 
1380 bytes for ./icon_avp_invite_gray@2x.png
copying file ./bubble-square-incoming-selected.png ... 
2018-07-15 05:39:21 +0000  3714 bytes for ./bubble-square-incoming-selected.png
copying file ./icon_avp_video_blue@2x.png ... 
2018-07-15 05:39:21 +0000  711 bytes for ./icon_avp_video_blue@2x.png
copying file ./bubble-flat-outgoing.png ... 
2018-07-15 05:39:21 +0000  832 bytes for ./bubble-flat-outgoing.png
copying file ./AppIcon60x60@3x.png ... 
2018-07-15 05:39:21 +0000  7640 bytes for ./AppIcon60x60@3x.png
2018-07-15 05:39:21 +0000  copying file ./RelayListTableViewCell.nib ... 
2018-07-15 05:39:21 +0000  4176 bytes for ./RelayListTableViewCell.nib
2018-07-15 05:39:21 +0000  copying file ./input-bar-flat.png ... 
2018-07-15 05:39:21 +0000  2743 bytes for ./input-bar-flat.png
2018-07-15 05:39:21 +0000  copying file ./Base.lproj/Main.storyboardc/pQA-bF-n4a-view-3d8-UQ-w8W.nib/objects-11.0+.nib ... 
2018-07-15 05:39:21 +0000  2797 bytes for ./Base.lproj/Main.storyboardc/pQA-bF-n4a-view-3d8-UQ-w8W.nib/objects-11.0+.nib
2018-07-15 05:39:21 +0000  copying file ./Base.lproj/Main.storyboardc/pQA-bF-n4a-view-3d8-UQ-w8W.nib/runtime.nib ... 
2018-07-15 05:39:21 +0000  3064 bytes for ./Base.lproj/Main.storyboardc/pQA-bF-n4a-view-3d8-UQ-w8W.nib/runtime.nib
2018-07-15 05:39:21 +0000  copying file ./Base.lproj/Main.storyboardc/BYZ-38-t0r-view-8bC-Xf-vdC.nib/objects-11.0+.nib ... 
2018-07-15 05:39:21 +0000  2687 bytes for ./Base.lproj/Main.storyboardc/BYZ-38-t0r-view-8bC-Xf-vdC.nib/objects-11.0+.nib
2018-07-15 05:39:21 +0000  copying file ./Base.lproj/Main.storyboardc/BYZ-38-t0r-view-8bC-Xf-vdC.nib/runtime.nib ... 
2018-07-15 05:39:21 +0000  2956 bytes for ./Base.lproj/Main.storyboardc/BYZ-38-t0r-view-8bC-Xf-vdC.nib/runtime.nib
2018-07-15 05:39:21 +0000  copying file ./Base.lproj/Main.storyboardc/uMn-GM-Tog-view-BnZ-y5-CpU.nib/objects-11.0+.nib ... 
2018-07-15 05:39:21 +0000  2753 bytes for ./Base.lproj/Main.storyboardc/uMn-GM-Tog-view-BnZ-y5-CpU.nib/objects-11.0+.nib
copying file ./Base.lproj/Main.storyboardc/uMn-GM-Tog-view-BnZ-y5-CpU.nib/runtime.nib ... 
2018-07-15 05:39:21 +0000  3018 bytes for ./Base.lproj/Main.storyboardc/uMn-GM-Tog-view-BnZ-y5-CpU.nib/runtime.nib
2018-07-15 05:39:21 +0000  copying file ./Base.lproj/Main.storyboardc/1pQ-sB-A5k-view-1BT-t1-TN8.nib/objects-11.0+.nib ... 
2018-07-15 05:39:21 +0000  1149 bytes for ./Base.lproj/Main.storyboardc/1pQ-sB-A5k-view-1BT-t1-TN8.nib/objects-11.0+.nib
copying file ./Base.lproj/Main.storyboardc/1pQ-sB-A5k-view-1BT-t1-TN8.nib/runtime.nib ... 
2018-07-15 05:39:21 +0000  1998 bytes for ./Base.lproj/Main.storyboardc/1pQ-sB-A5k-view-1BT-t1-TN8.nib/runtime.nib
2018-07-15 05:39:21 +0000  copying file ./Base.lproj/Main.storyboardc/tabbarVC.nib/objects-11.0+.nib ... 
2018-07-15 05:39:21 +0000  5571 bytes for ./Base.lproj/Main.storyboardc/tabbarVC.nib/objects-11.0+.nib
copying file ./Base.lproj/Main.storyboardc/tabbarVC.nib/runtime.nib ... 
2018-07-15 05:39:21 +0000  5567 bytes for ./Base.lproj/Main.storyboardc/tabbarVC.nib/runtime.nib
2018-07-15 05:39:21 +0000  copying file ./Base.lproj/Main.storyboardc/Info.plist ... 
2018-07-15 05:39:21 +0000  185 bytes for ./Base.lproj/Main.storyboardc/Info.plist
2018-07-15 05:39:21 +0000  copying file ./Base.lproj/LaunchScreen.storyboardc/01J-lp-oVM-view-Ze5-6b-2t3.nib ... 
2018-07-15 05:39:21 +0000  3087 bytes for ./Base.lproj/LaunchScreen.storyboardc/01J-lp-oVM-view-Ze5-6b-2t3.nib
2018-07-15 05:39:21 +0000  copying file ./Base.lproj/LaunchScreen.storyboardc/UIViewController-01J-lp-oVM.nib ... 
2018-07-15 05:39:21 +0000  832 bytes for ./Base.lproj/LaunchScreen.storyboardc/UIViewController-01J-lp-oVM.nib
2018-07-15 05:39:21 +0000  copying file ./Base.lproj/LaunchScreen.storyboardc/Info.plist ... 
2018-07-15 05:39:21 +0000  258 bytes for ./Base.lproj/LaunchScreen.storyboardc/Info.plist
2018-07-15 05:39:21 +0000  copying file ./send-highlighted.png ... 
2018-07-15 05:39:21 +0000  3808 bytes for ./send-highlighted.png
2018-07-15 05:39:21 +0000  copying file ./bubble-default-incoming-green.png ... 
2018-07-15 05:39:21 +0000  4639 bytes for ./bubble-default-incoming-green.png
2018-07-15 05:39:21 +0000  copying file ./icon_avp_mute_black@2x.png ... 
2018-07-15 05:39:21 +0000  1989 bytes for ./icon_avp_mute_black@2x.png
2018-07-15 05:39:21 +0000  copying file ./input-bar@2x.png ... 
2018-07-15 05:39:21 +0000  456 bytes for ./input-bar@2x.png
2018-07-15 05:39:21 +0000  copying file ./icon_av_audio_receive_normal@2x.png ... 
2018-07-15 05:39:21 +0000  987 bytes for ./icon_av_audio_receive_normal@2x.png
copying file ./bubble-square-outgoing.png ... 
2018-07-15 05:39:21 +0000  3555 bytes for ./bubble-square-outgoing.png
copying file ./portrait@2x.png ... 
2018-07-15 05:39:21 +0000  4456 bytes for ./portrait@2x.png
2018-07-15 05:39:21 +0000  copying file ./icon_avp_video_black@2x.png ... 
2018-07-15 05:39:21 +0000  708 bytes for ./icon_avp_video_black@2x.png
copying file ./icon_audio_receive_normal@2x.png ... 
2018-07-15 05:39:21 +0000  1760 bytes for ./icon_audio_receive_normal@2x.png
copying file ./Assets.car ... 
2018-07-15 05:39:21 +0000  374584 bytes for ./Assets.car
2018-07-15 05:39:21 +0000  copying file ./RelayListViewController.nib/objects-11.0+.nib ... 
2018-07-15 05:39:21 +0000  2750 bytes for ./RelayListViewController.nib/objects-11.0+.nib
copying file ./RelayListViewController.nib/runtime.nib ... 
2018-07-15 05:39:21 +0000  2222 bytes for ./RelayListViewController.nib/runtime.nib
2018-07-15 05:39:21 +0000  copying file ./bubble-default-incoming@2x.png ... 
2018-07-15 05:39:21 +0000  7061 bytes for ./bubble-default-incoming@2x.png
copying file ./input-bar-flat@2x.png ... 
2018-07-15 05:39:21 +0000  2746 bytes for ./input-bar-flat@2x.png
copying file ./gphone_ring.caf ... 
2018-07-15 05:39:21 +0000  1455488 bytes for ./gphone_ring.caf
2018-07-15 05:39:21 +0000  copying file ./bubble-default-outgoing@2x.png ... 
7835 bytes for ./bubble-default-outgoing@2x.png
copying file ./icon_avp_mute_blue@2x.png ... 
2018-07-15 05:39:21 +0000  1994 bytes for ./icon_avp_mute_blue@2x.png
copying file ./bubble-flat-outgoing-old@2x.png ... 
2018-07-15 05:39:21 +0000  2115 bytes for ./bubble-flat-outgoing-old@2x.png
copying file ./PhotoIcon@2x.png ... 
2018-07-15 05:39:21 +0000  3365 bytes for ./PhotoIcon@2x.png
copying file ./input-bar.png ... 
2018-07-15 05:39:21 +0000  336 bytes for ./input-bar.png
2018-07-15 05:39:21 +0000  copying file ./icon_avp_loudspeaker_blue@2x.png ... 
2018-07-15 05:39:21 +0000  1016 bytes for ./icon_avp_loudspeaker_blue@2x.png
copying file ./call_bg@2x.png ... 
2018-07-15 05:39:21 +0000  197 bytes for ./call_bg@2x.png
2018-07-15 05:39:21 +0000  copying file ./bubble-flat-outgoing-selected@2x.png ... 
2018-07-15 05:39:21 +0000  4402 bytes for ./bubble-flat-outgoing-selected@2x.png
2018-07-15 05:39:21 +0000  copying file ./bubble-flat-incoming-selected@2x.png ... 
2018-07-15 05:39:21 +0000  1728 bytes for ./bubble-flat-incoming-selected@2x.png
copying file ./PhotoIcon.png ... 
2018-07-15 05:39:21 +0000  3043 bytes for ./PhotoIcon.png
copying file ./view_audio_reply_message_bg@2x.png ... 
2018-07-15 05:39:21 +0000  1890 bytes for ./view_audio_reply_message_bg@2x.png
2018-07-15 05:39:21 +0000  copying file ./icon_call_reject_press@2x.png ... 
2018-07-15 05:39:21 +0000  1613 bytes for ./icon_call_reject_press@2x.png
2018-07-15 05:39:21 +0000  copying file ./MessageHistoryCell.nib ... 
2018-07-15 05:39:22 +0000  4807 bytes for ./MessageHistoryCell.nib
2018-07-15 05:39:22 +0000  copying file ./bubble-flat-outgoing-old.png ... 
2018-07-15 05:39:22 +0000  1059 bytes for ./bubble-flat-outgoing-old.png
2018-07-15 05:39:22 +0000  copying file ./icon_audio_receive_press@2x.png ... 
2018-07-15 05:39:22 +0000  1776 bytes for ./icon_audio_receive_press@2x.png
copying file ./bubble-flat-incoming@2x.png ... 
2018-07-15 05:39:22 +0000  1729 bytes for ./bubble-flat-incoming@2x.png
2018-07-15 05:39:22 +0000  copying file ./bubble-flat-outgoing@2x.png ... 
2018-07-15 05:39:22 +0000  1670 bytes for ./bubble-flat-outgoing@2x.png
2018-07-15 05:39:22 +0000  copying file ./icon_avp_reduce_gray@2x.png ... 
2018-07-15 05:39:22 +0000  684 bytes for ./icon_avp_reduce_gray@2x.png
2018-07-15 05:39:22 +0000  copying file ./embedded.mobileprovision ... 
2018-07-15 05:39:22 +0000  7664 bytes for ./embedded.mobileprovision
2018-07-15 05:39:22 +0000  copying file ./bubble-default-outgoing-selected.png ... 
2018-07-15 05:39:22 +0000  4377 bytes for ./bubble-default-outgoing-selected.png
2018-07-15 05:39:22 +0000  copying file ./input-field@2x.png ... 
3379 bytes for ./input-field@2x.png
copying file ./bubble-default-incoming.png ... 
2018-07-15 05:39:22 +0000  4187 bytes for ./bubble-default-incoming.png
2018-07-15 05:39:22 +0000  copying file ./send.png ... 
2018-07-15 05:39:22 +0000  3856 bytes for ./send.png
2018-07-15 05:39:22 +0000  copying file ./icon_av_reply_message_press@2x.png ... 
2018-07-15 05:39:22 +0000  744 bytes for ./icon_av_reply_message_press@2x.png
2018-07-15 05:39:22 +0000  copying file ./icon_avp_camera_white@2x.png ... 
2018-07-15 05:39:22 +0000  864 bytes for ./icon_avp_camera_white@2x.png
2018-07-15 05:39:22 +0000  copying file ./icon_av_audio_receive_press@2x.png ... 
2018-07-15 05:39:22 +0000  973 bytes for ./icon_av_audio_receive_press@2x.png
2018-07-15 05:39:22 +0000  copying file ./Info.plist ... 
2018-07-15 05:39:22 +0000  1391 bytes for ./Info.plist
2018-07-15 05:39:22 +0000  copying file ./messageSent.aiff ... 
2018-07-15 05:39:22 +0000  40616 bytes for ./messageSent.aiff
2018-07-15 05:39:22 +0000  copying file ./icon_avp_loudspeaker_white@2x.png ... 
2018-07-15 05:39:22 +0000  600 bytes for ./icon_avp_loudspeaker_white@2x.png
2018-07-15 05:39:22 +0000  copying file ./bubble-flat-incoming.png ... 
2018-07-15 05:39:22 +0000  827 bytes for ./bubble-flat-incoming.png
copying file ./icon_avp_invite_black@2x.png ... 
2018-07-15 05:39:22 +0000  1350 bytes for ./icon_avp_invite_black@2x.png
copying file ./icon_avp_reduce_black@2x.png ... 
2018-07-15 05:39:22 +0000  674 bytes for ./icon_avp_reduce_black@2x.png
2018-07-15 05:39:22 +0000  copying file ./PkgInfo ... 
2018-07-15 05:39:22 +0000  8 bytes for ./PkgInfo
copying file ./icon_avp_invite_blue@2x.png ... 
2018-07-15 05:39:22 +0000  1372 bytes for ./icon_avp_invite_blue@2x.png
2018-07-15 05:39:22 +0000  copying file ./CallHistoryCell.nib ... 
2018-07-15 05:39:22 +0000  4124 bytes for ./CallHistoryCell.nib
2018-07-15 05:39:22 +0000  copying file ./icon_avp_video_gray@2x.png ... 
2018-07-15 05:39:22 +0000  707 bytes for ./icon_avp_video_gray@2x.png
2018-07-15 05:39:22 +0000  copying file ./bubble-default-incoming-selected.png ... 
2018-07-15 05:39:22 +0000  4629 bytes for ./bubble-default-incoming-selected.png
2018-07-15 05:39:22 +0000  copying file ./icon_av_audio_micro_press@2x.png ... 
2018-07-15 05:39:22 +0000  3512 bytes for ./icon_av_audio_micro_press@2x.png
2018-07-15 05:39:22 +0000  2018-07-15 05:39:22 +0000  

2018-07-15 05:39:22 +0000  /usr/bin/ditto exited with 0
2018-07-15 05:39:22 +0000  2018-07-15 05:39:22 +0000  

2018-07-15 05:39:22 +0000  Processing step: IDEDistributionEmbedProfileStep
2018-07-15 05:39:22 +0000  Processing step: IDEDistributionAppThinningPlistStep
2018-07-15 05:39:22 +0000  Skipping step: IDEDistributionAppThinningPlistStep because it said so
2018-07-15 05:39:22 +0000  Processing step: IDEDistributionCompileBitcodeStep
2018-07-15 05:39:22 +0000  Skipping step: IDEDistributionCompileBitcodeStep because it said so
2018-07-15 05:39:22 +0000  Processing step: IDEDistributionCodeSlimmingStep
2018-07-15 05:39:22 +0000  Processing step: IDEDistributionCopyBCSymbolMapsStep
2018-07-15 05:39:22 +0000  Skipping step: IDEDistributionCopyBCSymbolMapsStep because it said so
2018-07-15 05:39:22 +0000  Processing step: IDEDistributionSymbolsStep
2018-07-15 05:39:22 +0000  Skipping step: IDEDistributionSymbolsStep because it said so
2018-07-15 05:39:22 +0000  Processing step: IDEDistributionAppThinningStep
2018-07-15 05:39:22 +0000  Skipping step: IDEDistributionAppThinningStep because it said so
2018-07-15 05:39:22 +0000  Processing step: IDEDistributionODRStep
2018-07-15 05:39:22 +0000  Processing step: IDEDistributionStripXattrsStep
2018-07-15 05:39:22 +0000  Running /usr/bin/xattr '-crs' '/var/folders/z9/hy9v2yg96790dz1vkv6j3m5w0000gn/T/XcodeDistPipeline.0Vr/Root/Payload/GPhone.app'
2018-07-15 05:39:22 +0000  
2018-07-15 05:39:22 +0000  2018-07-15 05:39:22 +0000  /usr/bin/xattr exited with 0

2018-07-15 05:39:22 +0000  Processing step: IDEDistributionCodesignStep
2018-07-15 05:39:22 +0000  Entitlements for <IDEDistributionItem: 0x7fd8f9c8b690 'com.zgot.gphone' '<DVTFilePath:0x7fd8f89dcbb0:'/Users/yang-Mac/Library/Developer/Xcode/Archives/2018-07-15/GPhone 2018-7-15 下午1.38.xcarchive/Products/Applications/GPhone.app'>'>: {
    "application-identifier" = "XF28H54YS2.com.zgot.gphone";
    "aps-environment" = development;
    "com.apple.developer.team-identifier" = XF28H54YS2;
    "get-task-allow" = 1;
}
2018-07-15 05:39:22 +0000  Writing entitlements for <IDEDistributionItem: 0x7fd8f9c8b690 'com.zgot.gphone' '<DVTFilePath:0x7fd8f89dcbb0:'/Users/yang-Mac/Library/Developer/Xcode/Archives/2018-07-15/GPhone 2018-7-15 下午1.38.xcarchive/Products/Applications/GPhone.app'>'> to: /var/folders/z9/hy9v2yg96790dz1vkv6j3m5w0000gn/T/XcodeDistPipeline.0Vr/entitlements4PyTxV
2018-07-15 05:39:22 +0000  Running /usr/bin/codesign '-vvv' '--force' '--sign' '906FC9200D6FAE17C302DE4E7F3D1ABEAA2825D4' '--preserve-metadata=identifier,flags' '--entitlements' '/var/folders/z9/hy9v2yg96790dz1vkv6j3m5w0000gn/T/XcodeDistPipeline.0Vr/entitlements4PyTxV' '/var/folders/z9/hy9v2yg96790dz1vkv6j3m5w0000gn/T/XcodeDistPipeline.0Vr/Root/Payload/GPhone.app'
2018-07-15 05:39:22 +0000  /var/folders/z9/hy9v2yg96790dz1vkv6j3m5w0000gn/T/XcodeDistPipeline.0Vr/Root/Payload/GPhone.app: replacing existing signature
2018-07-15 05:39:22 +0000  /var/folders/z9/hy9v2yg96790dz1vkv6j3m5w0000gn/T/XcodeDistPipeline.0Vr/Root/Payload/GPhone.app: signed app bundle with Mach-O universal (armv7 arm64) [com.zgot.gphone]
2018-07-15 05:39:22 +0000  
2018-07-15 05:39:22 +0000  /usr/bin/codesign exited with 02018-07-15 05:39:22 +0000  

2018-07-15 05:39:22 +0000  
2018-07-15 05:39:22 +0000  Processing step: IDEDistributionStreamingZipItemStep
2018-07-15 05:39:22 +0000  Skipping step: IDEDistributionStreamingZipItemStep because it said so
2018-07-15 05:39:22 +0000  Processing step: IDEDistributionCreateIPAStep
2018-07-15 05:39:22 +0000  Running /usr/bin/ditto '-V' '-c' '-k' '--norsrc' '/var/folders/z9/hy9v2yg96790dz1vkv6j3m5w0000gn/T/XcodeDistPipeline.0Vr/Root' '/var/folders/z9/hy9v2yg96790dz1vkv6j3m5w0000gn/T/XcodeDistPipeline.0Vr/Packages/GPhone.ipa'
2018-07-15 05:39:22 +0000  >>> Copying /var/folders/z9/hy9v2yg96790dz1vkv6j3m5w0000gn/T/XcodeDistPipeline.0Vr/Root 
2018-07-15 05:39:22 +0000  copying file ./Payload/GPhone.app/_CodeSignature/CodeResources ... 
2018-07-15 05:39:22 +0000  41188 bytes for ./Payload/GPhone.app/_CodeSignature/CodeResources
copying file ./Payload/GPhone.app/bubble-square-incoming.png ... 
2018-07-15 05:39:22 +0000  3703 bytes for ./Payload/GPhone.app/bubble-square-incoming.png
2018-07-15 05:39:22 +0000  copying file ./Payload/GPhone.app/icon_avp_video_white@2x.png ... 
2018-07-15 05:39:22 +0000  483 bytes for ./Payload/GPhone.app/icon_avp_video_white@2x.png
copying file ./Payload/GPhone.app/bubble-flat-incoming-selected.png ... 
2018-07-15 05:39:22 +0000  821 bytes for ./Payload/GPhone.app/bubble-flat-incoming-selected.png
2018-07-15 05:39:22 +0000  copying file ./Payload/GPhone.app/AppIcon20x20@2x.png ... 
2018-07-15 05:39:22 +0000  1721 bytes for ./Payload/GPhone.app/AppIcon20x20@2x.png
copying file ./Payload/GPhone.app/icon_av_audio_micro_normal@2x.png ... 
2018-07-15 05:39:22 +0000  3436 bytes for ./Payload/GPhone.app/icon_av_audio_micro_normal@2x.png
copying file ./Payload/GPhone.app/icon_avp_mute_white@2x.png ... 
2018-07-15 05:39:22 +0000  1126 bytes for ./Payload/GPhone.app/icon_avp_mute_white@2x.png
copying file ./Payload/GPhone.app/icon_avp_mute_gray@2x.png ... 
2018-07-15 05:39:22 +0000  2004 bytes for ./Payload/GPhone.app/icon_avp_mute_gray@2x.png
2018-07-15 05:39:22 +0000  copying file ./Payload/GPhone.app/icon_call_reject_normal@2x.png ... 
2018-07-15 05:39:22 +0000  1599 bytes for ./Payload/GPhone.app/icon_call_reject_normal@2x.png
copying file ./Payload/GPhone.app/bubble-square-outgoing@2x.png ... 
2018-07-15 05:39:22 +0000  4427 bytes for ./Payload/GPhone.app/bubble-square-outgoing@2x.png
2018-07-15 05:39:22 +0000  copying file ./Payload/GPhone.app/GPhone ... 
2018-07-15 05:39:22 +0000  2529232 bytes for ./Payload/GPhone.app/GPhone
copying file ./Payload/GPhone.app/send@2x.png ... 
2018-07-15 05:39:22 +0000  5881 bytes for ./Payload/GPhone.app/send@2x.png
copying file ./Payload/GPhone.app/bubble-square-incoming@2x.png ... 
1942 bytes for ./Payload/GPhone.app/bubble-square-incoming@2x.png
copying file ./Payload/GPhone.app/icon_avp_loudspeaker_gray@2x.png ... 
1017 bytes for ./Payload/GPhone.app/icon_avp_loudspeaker_gray@2x.png
copying file ./Payload/GPhone.app/bubble-flat-outgoing-selected.png ... 
847 bytes for ./Payload/GPhone.app/bubble-flat-outgoing-selected.png
copying file ./Payload/GPhone.app/bubble-square-incoming-selected@2x.png ... 
4665 bytes for ./Payload/GPhone.app/bubble-square-incoming-selected@2x.png
copying file ./Payload/GPhone.app/AppIcon20x20@3x.png ... 
2018-07-15 05:39:22 +0000  1989 bytes for ./Payload/GPhone.app/AppIcon20x20@3x.png
copying file ./Payload/GPhone.app/bubble-square-outgoing-selected@2x.png ... 
2018-07-15 05:39:22 +0000  4669 bytes for ./Payload/GPhone.app/bubble-square-outgoing-selected@2x.png
2018-07-15 05:39:22 +0000  copying file ./Payload/GPhone.app/send-highlighted@2x.png ... 
2018-07-15 05:39:22 +0000  5683 bytes for ./Payload/GPhone.app/send-highlighted@2x.png
copying file ./Payload/GPhone.app/CallingViewController.nib ... 
2018-07-15 05:39:22 +0000  1400 bytes for ./Payload/GPhone.app/CallingViewController.nib
2018-07-15 05:39:22 +0000  copying file ./Payload/GPhone.app/MJRefresh.bundle/zh-Hans.lproj/Localizable.strings ... 
2018-07-15 05:39:22 +0000  1194 bytes for ./Payload/GPhone.app/MJRefresh.bundle/zh-Hans.lproj/Localizable.strings
copying file ./Payload/GPhone.app/MJRefresh.bundle/en.lproj/Localizable.strings ... 
2018-07-15 05:39:22 +0000  1372 bytes for ./Payload/GPhone.app/MJRefresh.bundle/en.lproj/Localizable.strings
2018-07-15 05:39:22 +0000  copying file ./Payload/GPhone.app/MJRefresh.bundle/arrow@2x.png ... 
2018-07-15 05:39:22 +0000  1033 bytes for ./Payload/GPhone.app/MJRefresh.bundle/arrow@2x.png
copying file ./Payload/GPhone.app/MJRefresh.bundle/zh-Hant.lproj/Localizable.strings ... 
2018-07-15 05:39:22 +0000  773 bytes for ./Payload/GPhone.app/MJRefresh.bundle/zh-Hant.lproj/Localizable.strings
copying file ./Payload/GPhone.app/portrait.jpg ... 
2018-07-15 05:39:22 +0000  10533 bytes for ./Payload/GPhone.app/portrait.jpg
copying file ./Payload/GPhone.app/im_skin_icon_audiocall_bg.jpg ... 
2018-07-15 05:39:22 +0000  4997 bytes for ./Payload/GPhone.app/im_skin_icon_audiocall_bg.jpg
copying file ./Payload/GPhone.app/input-field.png ... 
2018-07-15 05:39:22 +0000  1305 bytes for ./Payload/GPhone.app/input-field.png
copying file ./Payload/GPhone.app/bubble-default-incoming-green@2x.png ... 
2018-07-15 05:39:22 +0000  9407 bytes for ./Payload/GPhone.app/bubble-default-incoming-green@2x.png
copying file ./Payload/GPhone.app/AppIcon60x60@2x.png ... 
2018-07-15 05:39:22 +0000  4641 bytes for ./Payload/GPhone.app/AppIcon60x60@2x.png
2018-07-15 05:39:22 +0000  copying file ./Payload/GPhone.app/AppIcon29x29@2x.png ... 
1952 bytes for ./Payload/GPhone.app/AppIcon29x29@2x.png
2018-07-15 05:39:22 +0000  copying file ./Payload/GPhone.app/GMobileTextFieldViewController.nib/objects-11.0+.nib ... 
2018-07-15 05:39:22 +0000  7460 bytes for ./Payload/GPhone.app/GMobileTextFieldViewController.nib/objects-11.0+.nib
copying file ./Payload/GPhone.app/GMobileTextFieldViewController.nib/runtime.nib ... 
2018-07-15 05:39:22 +0000  6796 bytes for ./Payload/GPhone.app/GMobileTextFieldViewController.nib/runtime.nib
2018-07-15 05:39:22 +0000  copying file ./Payload/GPhone.app/bubble-square-outgoing-selected.png ... 
2018-07-15 05:39:22 +0000  3725 bytes for ./Payload/GPhone.app/bubble-square-outgoing-selected.png
copying file ./Payload/GPhone.app/bubble-default-outgoing-green.png ... 
2018-07-15 05:39:22 +0000  1898 bytes for ./Payload/GPhone.app/bubble-default-outgoing-green.png
copying file ./Payload/GPhone.app/bubble-typing@2x.png ... 
2018-07-15 05:39:22 +0000  7899 bytes for ./Payload/GPhone.app/bubble-typing@2x.png
copying file ./Payload/GPhone.app/AppIcon40x40@3x.png ... 
2018-07-15 05:39:22 +0000  4641 bytes for ./Payload/GPhone.app/AppIcon40x40@3x.png
copying file ./Payload/GPhone.app/icon_avp_reduce_blue@2x.png ... 
2018-07-15 05:39:22 +0000  695 bytes for ./Payload/GPhone.app/icon_avp_reduce_blue@2x.png
2018-07-15 05:39:22 +0000  copying file ./Payload/GPhone.app/bubble-typing.png ... 
2018-07-15 05:39:22 +0000  4584 bytes for ./Payload/GPhone.app/bubble-typing.png
copying file ./Payload/GPhone.app/bubble-default-incoming-selected@2x.png ... 
2018-07-15 05:39:22 +0000  8321 bytes for ./Payload/GPhone.app/bubble-default-incoming-selected@2x.png
copying file ./Payload/GPhone.app/icon_avp_loudspeaker_black@2x.png ... 
2018-07-15 05:39:22 +0000  1002 bytes for ./Payload/GPhone.app/icon_avp_loudspeaker_black@2x.png
2018-07-15 05:39:22 +0000  copying file ./Payload/GPhone.app/bubble-default-outgoing-green@2x.png ... 
2018-07-15 05:39:22 +0000  6730 bytes for ./Payload/GPhone.app/bubble-default-outgoing-green@2x.png
2018-07-15 05:39:22 +0000  copying file ./Payload/GPhone.app/AppIcon40x40@2x.png ... 
2018-07-15 05:39:22 +0000  2897 bytes for ./Payload/GPhone.app/AppIcon40x40@2x.png
copying file ./Payload/GPhone.app/bubble-default-outgoing.png ... 
2018-07-15 05:39:22 +0000  4329 bytes for ./Payload/GPhone.app/bubble-default-outgoing.png
copying file ./Payload/GPhone.app/bubble-default-outgoing-selected@2x.png ... 
2018-07-15 05:39:22 +0000  8274 bytes for ./Payload/GPhone.app/bubble-default-outgoing-selected@2x.png
copying file ./Payload/GPhone.app/answer@2x.png ... 
2018-07-15 05:39:22 +0000  3507 bytes for ./Payload/GPhone.app/answer@2x.png
copying file ./Payload/GPhone.app/messageReceived.aiff ... 
2018-07-15 05:39:22 +0000  43454 bytes for ./Payload/GPhone.app/messageReceived.aiff
copying file ./Payload/GPhone.app/icon_av_reply_message_normal@2x.png ... 
2018-07-15 05:39:22 +0000  742 bytes for ./Payload/GPhone.app/icon_av_reply_message_normal@2x.png
copying file ./Payload/GPhone.app/icon_avp_reduce_white@2x.png ... 
493 bytes for ./Payload/GPhone.app/icon_avp_reduce_white@2x.png
copying file ./Payload/GPhone.app/icon_avp_invite_white@2x.png ... 
839 bytes for ./Payload/GPhone.app/icon_avp_invite_white@2x.png
copying file ./Payload/GPhone.app/AppIcon29x29@3x.png ... 
3149 bytes for ./Payload/GPhone.app/AppIcon29x29@3x.png
copying file ./Payload/GPhone.app/icon_avp_invite_gray@2x.png ... 
1380 bytes for ./Payload/GPhone.app/icon_avp_invite_gray@2x.png
copying file ./Payload/GPhone.app/bubble-square-incoming-selected.png ... 
3714 bytes for ./Payload/GPhone.app/bubble-square-incoming-selected.png
copying file ./Payload/GPhone.app/icon_avp_video_blue@2x.png ... 
2018-07-15 05:39:22 +0000  711 bytes for ./Payload/GPhone.app/icon_avp_video_blue@2x.png
copying file ./Payload/GPhone.app/bubble-flat-outgoing.png ... 
2018-07-15 05:39:22 +0000  832 bytes for ./Payload/GPhone.app/bubble-flat-outgoing.png
copying file ./Payload/GPhone.app/AppIcon60x60@3x.png ... 
2018-07-15 05:39:22 +0000  7640 bytes for ./Payload/GPhone.app/AppIcon60x60@3x.png
copying file ./Payload/GPhone.app/RelayListTableViewCell.nib ... 
2018-07-15 05:39:22 +0000  4176 bytes for ./Payload/GPhone.app/RelayListTableViewCell.nib
copying file ./Payload/GPhone.app/input-bar-flat.png ... 
2018-07-15 05:39:22 +0000  2743 bytes for ./Payload/GPhone.app/input-bar-flat.png
2018-07-15 05:39:22 +0000  copying file ./Payload/GPhone.app/Base.lproj/Main.storyboardc/pQA-bF-n4a-view-3d8-UQ-w8W.nib/objects-11.0+.nib ... 
2018-07-15 05:39:22 +0000  2797 bytes for ./Payload/GPhone.app/Base.lproj/Main.storyboardc/pQA-bF-n4a-view-3d8-UQ-w8W.nib/objects-11.0+.nib
copying file ./Payload/GPhone.app/Base.lproj/Main.storyboardc/pQA-bF-n4a-view-3d8-UQ-w8W.nib/runtime.nib ... 
2018-07-15 05:39:22 +0000  3064 bytes for ./Payload/GPhone.app/Base.lproj/Main.storyboardc/pQA-bF-n4a-view-3d8-UQ-w8W.nib/runtime.nib
2018-07-15 05:39:22 +0000  copying file ./Payload/GPhone.app/Base.lproj/Main.storyboardc/BYZ-38-t0r-view-8bC-Xf-vdC.nib/objects-11.0+.nib ... 
2018-07-15 05:39:22 +0000  2687 bytes for ./Payload/GPhone.app/Base.lproj/Main.storyboardc/BYZ-38-t0r-view-8bC-Xf-vdC.nib/objects-11.0+.nib
copying file ./Payload/GPhone.app/Base.lproj/Main.storyboardc/BYZ-38-t0r-view-8bC-Xf-vdC.nib/runtime.nib ... 
2018-07-15 05:39:22 +0000  2956 bytes for ./Payload/GPhone.app/Base.lproj/Main.storyboardc/BYZ-38-t0r-view-8bC-Xf-vdC.nib/runtime.nib
2018-07-15 05:39:22 +0000  copying file ./Payload/GPhone.app/Base.lproj/Main.storyboardc/uMn-GM-Tog-view-BnZ-y5-CpU.nib/objects-11.0+.nib ... 
2018-07-15 05:39:22 +0000  2753 bytes for ./Payload/GPhone.app/Base.lproj/Main.storyboardc/uMn-GM-Tog-view-BnZ-y5-CpU.nib/objects-11.0+.nib
copying file ./Payload/GPhone.app/Base.lproj/Main.storyboardc/uMn-GM-Tog-view-BnZ-y5-CpU.nib/runtime.nib ... 
2018-07-15 05:39:22 +0000  3018 bytes for ./Payload/GPhone.app/Base.lproj/Main.storyboardc/uMn-GM-Tog-view-BnZ-y5-CpU.nib/runtime.nib
2018-07-15 05:39:22 +0000  copying file ./Payload/GPhone.app/Base.lproj/Main.storyboardc/1pQ-sB-A5k-view-1BT-t1-TN8.nib/objects-11.0+.nib ... 
2018-07-15 05:39:22 +0000  1149 bytes for ./Payload/GPhone.app/Base.lproj/Main.storyboardc/1pQ-sB-A5k-view-1BT-t1-TN8.nib/objects-11.0+.nib
copying file ./Payload/GPhone.app/Base.lproj/Main.storyboardc/1pQ-sB-A5k-view-1BT-t1-TN8.nib/runtime.nib ... 
2018-07-15 05:39:22 +0000  1998 bytes for ./Payload/GPhone.app/Base.lproj/Main.storyboardc/1pQ-sB-A5k-view-1BT-t1-TN8.nib/runtime.nib
2018-07-15 05:39:22 +0000  copying file ./Payload/GPhone.app/Base.lproj/Main.storyboardc/tabbarVC.nib/objects-11.0+.nib ... 
2018-07-15 05:39:22 +0000  5571 bytes for ./Payload/GPhone.app/Base.lproj/Main.storyboardc/tabbarVC.nib/objects-11.0+.nib
copying file ./Payload/GPhone.app/Base.lproj/Main.storyboardc/tabbarVC.nib/runtime.nib ... 
2018-07-15 05:39:22 +0000  5567 bytes for ./Payload/GPhone.app/Base.lproj/Main.storyboardc/tabbarVC.nib/runtime.nib
2018-07-15 05:39:22 +0000  copying file ./Payload/GPhone.app/Base.lproj/Main.storyboardc/Info.plist ... 
185 bytes for ./Payload/GPhone.app/Base.lproj/Main.storyboardc/Info.plist
2018-07-15 05:39:22 +0000  copying file ./Payload/GPhone.app/Base.lproj/LaunchScreen.storyboardc/01J-lp-oVM-view-Ze5-6b-2t3.nib ... 
2018-07-15 05:39:22 +0000  3087 bytes for ./Payload/GPhone.app/Base.lproj/LaunchScreen.storyboardc/01J-lp-oVM-view-Ze5-6b-2t3.nib
copying file ./Payload/GPhone.app/Base.lproj/LaunchScreen.storyboardc/UIViewController-01J-lp-oVM.nib ... 
2018-07-15 05:39:22 +0000  832 bytes for ./Payload/GPhone.app/Base.lproj/LaunchScreen.storyboardc/UIViewController-01J-lp-oVM.nib
copying file ./Payload/GPhone.app/Base.lproj/LaunchScreen.storyboardc/Info.plist ... 
2018-07-15 05:39:22 +0000  258 bytes for ./Payload/GPhone.app/Base.lproj/LaunchScreen.storyboardc/Info.plist
copying file ./Payload/GPhone.app/send-highlighted.png ... 
2018-07-15 05:39:22 +0000  3808 bytes for ./Payload/GPhone.app/send-highlighted.png
copying file ./Payload/GPhone.app/bubble-default-incoming-green.png ... 
2018-07-15 05:39:22 +0000  4639 bytes for ./Payload/GPhone.app/bubble-default-incoming-green.png
copying file ./Payload/GPhone.app/icon_avp_mute_black@2x.png ... 
2018-07-15 05:39:22 +0000  1989 bytes for ./Payload/GPhone.app/icon_avp_mute_black@2x.png
2018-07-15 05:39:22 +0000  copying file ./Payload/GPhone.app/input-bar@2x.png ... 
456 bytes for ./Payload/GPhone.app/input-bar@2x.png
copying file ./Payload/GPhone.app/icon_av_audio_receive_normal@2x.png ... 
2018-07-15 05:39:22 +0000  987 bytes for ./Payload/GPhone.app/icon_av_audio_receive_normal@2x.png
2018-07-15 05:39:22 +0000  copying file ./Payload/GPhone.app/bubble-square-outgoing.png ... 
2018-07-15 05:39:22 +0000  3555 bytes for ./Payload/GPhone.app/bubble-square-outgoing.png
copying file ./Payload/GPhone.app/portrait@2x.png ... 
2018-07-15 05:39:22 +0000  4456 bytes for ./Payload/GPhone.app/portrait@2x.png
copying file ./Payload/GPhone.app/icon_avp_video_black@2x.png ... 
2018-07-15 05:39:22 +0000  708 bytes for ./Payload/GPhone.app/icon_avp_video_black@2x.png
copying file ./Payload/GPhone.app/icon_audio_receive_normal@2x.png ... 
2018-07-15 05:39:22 +0000  1760 bytes for ./Payload/GPhone.app/icon_audio_receive_normal@2x.png
2018-07-15 05:39:22 +0000  copying file ./Payload/GPhone.app/Assets.car ... 
2018-07-15 05:39:22 +0000  374584 bytes for ./Payload/GPhone.app/Assets.car
2018-07-15 05:39:22 +0000  copying file ./Payload/GPhone.app/RelayListViewController.nib/objects-11.0+.nib ... 
2750 bytes for ./Payload/GPhone.app/RelayListViewController.nib/objects-11.0+.nib
copying file ./Payload/GPhone.app/RelayListViewController.nib/runtime.nib ... 
2222 bytes for ./Payload/GPhone.app/RelayListViewController.nib/runtime.nib
copying file ./Payload/GPhone.app/bubble-default-incoming@2x.png ... 
7061 bytes for ./Payload/GPhone.app/bubble-default-incoming@2x.png
copying file ./Payload/GPhone.app/input-bar-flat@2x.png ... 
2746 bytes for ./Payload/GPhone.app/input-bar-flat@2x.png
copying file ./Payload/GPhone.app/gphone_ring.caf ... 
2018-07-15 05:39:22 +0000  1455488 bytes for ./Payload/GPhone.app/gphone_ring.caf
copying file ./Payload/GPhone.app/bubble-default-outgoing@2x.png ... 
2018-07-15 05:39:22 +0000  7835 bytes for ./Payload/GPhone.app/bubble-default-outgoing@2x.png
copying file ./Payload/GPhone.app/icon_avp_mute_blue@2x.png ... 
1994 bytes for ./Payload/GPhone.app/icon_avp_mute_blue@2x.png
copying file ./Payload/GPhone.app/bubble-flat-outgoing-old@2x.png ... 
2115 bytes for ./Payload/GPhone.app/bubble-flat-outgoing-old@2x.png
copying file ./Payload/GPhone.app/PhotoIcon@2x.png ... 
3365 bytes for ./Payload/GPhone.app/PhotoIcon@2x.png
copying file ./Payload/GPhone.app/input-bar.png ... 
336 bytes for ./Payload/GPhone.app/input-bar.png
copying file ./Payload/GPhone.app/icon_avp_loudspeaker_blue@2x.png ... 
2018-07-15 05:39:22 +0000  1016 bytes for ./Payload/GPhone.app/icon_avp_loudspeaker_blue@2x.png
copying file ./Payload/GPhone.app/call_bg@2x.png ... 
2018-07-15 05:39:22 +0000  197 bytes for ./Payload/GPhone.app/call_bg@2x.png
copying file ./Payload/GPhone.app/bubble-flat-outgoing-selected@2x.png ... 
2018-07-15 05:39:22 +0000  4402 bytes for ./Payload/GPhone.app/bubble-flat-outgoing-selected@2x.png
copying file ./Payload/GPhone.app/bubble-flat-incoming-selected@2x.png ... 
2018-07-15 05:39:22 +0000  1728 bytes for ./Payload/GPhone.app/bubble-flat-incoming-selected@2x.png
copying file ./Payload/GPhone.app/PhotoIcon.png ... 
2018-07-15 05:39:22 +0000  3043 bytes for ./Payload/GPhone.app/PhotoIcon.png
copying file ./Payload/GPhone.app/view_audio_reply_message_bg@2x.png ... 
2018-07-15 05:39:22 +0000  1890 bytes for ./Payload/GPhone.app/view_audio_reply_message_bg@2x.png
copying file ./Payload/GPhone.app/icon_call_reject_press@2x.png ... 
2018-07-15 05:39:22 +0000  1613 bytes for ./Payload/GPhone.app/icon_call_reject_press@2x.png
copying file ./Payload/GPhone.app/MessageHistoryCell.nib ... 
2018-07-15 05:39:22 +0000  4807 bytes for ./Payload/GPhone.app/MessageHistoryCell.nib
copying file ./Payload/GPhone.app/bubble-flat-outgoing-old.png ... 
2018-07-15 05:39:22 +0000  1059 bytes for ./Payload/GPhone.app/bubble-flat-outgoing-old.png
copying file ./Payload/GPhone.app/icon_audio_receive_press@2x.png ... 
2018-07-15 05:39:22 +0000  1776 bytes for ./Payload/GPhone.app/icon_audio_receive_press@2x.png
copying file ./Payload/GPhone.app/bubble-flat-incoming@2x.png ... 
2018-07-15 05:39:22 +0000  1729 bytes for ./Payload/GPhone.app/bubble-flat-incoming@2x.png
copying file ./Payload/GPhone.app/bubble-flat-outgoing@2x.png ... 
2018-07-15 05:39:22 +0000  1670 bytes for ./Payload/GPhone.app/bubble-flat-outgoing@2x.png
copying file ./Payload/GPhone.app/icon_avp_reduce_gray@2x.png ... 
2018-07-15 05:39:22 +0000  684 bytes for ./Payload/GPhone.app/icon_avp_reduce_gray@2x.png
2018-07-15 05:39:22 +0000  copying file ./Payload/GPhone.app/embedded.mobileprovision ... 
2018-07-15 05:39:22 +0000  7664 bytes for ./Payload/GPhone.app/embedded.mobileprovision
2018-07-15 05:39:22 +0000  copying file ./Payload/GPhone.app/bubble-default-outgoing-selected.png ... 
2018-07-15 05:39:22 +0000  4377 bytes for ./Payload/GPhone.app/bubble-default-outgoing-selected.png
copying file ./Payload/GPhone.app/input-field@2x.png ... 
2018-07-15 05:39:22 +0000  3379 bytes for ./Payload/GPhone.app/input-field@2x.png
copying file ./Payload/GPhone.app/bubble-default-incoming.png ... 
2018-07-15 05:39:22 +0000  4187 bytes for ./Payload/GPhone.app/bubble-default-incoming.png
copying file ./Payload/GPhone.app/send.png ... 
2018-07-15 05:39:22 +0000  3856 bytes for ./Payload/GPhone.app/send.png
copying file ./Payload/GPhone.app/icon_av_reply_message_press@2x.png ... 
2018-07-15 05:39:22 +0000  744 bytes for ./Payload/GPhone.app/icon_av_reply_message_press@2x.png
copying file ./Payload/GPhone.app/icon_avp_camera_white@2x.png ... 
2018-07-15 05:39:22 +0000  864 bytes for ./Payload/GPhone.app/icon_avp_camera_white@2x.png
2018-07-15 05:39:22 +0000  copying file ./Payload/GPhone.app/icon_av_audio_receive_press@2x.png ... 
973 bytes for ./Payload/GPhone.app/icon_av_audio_receive_press@2x.png
2018-07-15 05:39:22 +0000  copying file ./Payload/GPhone.app/Info.plist ... 
1391 bytes for ./Payload/GPhone.app/Info.plist
2018-07-15 05:39:22 +0000  copying file ./Payload/GPhone.app/messageSent.aiff ... 
2018-07-15 05:39:22 +0000  40616 bytes for ./Payload/GPhone.app/messageSent.aiff
copying file ./Payload/GPhone.app/icon_avp_loudspeaker_white@2x.png ... 
2018-07-15 05:39:22 +0000  600 bytes for ./Payload/GPhone.app/icon_avp_loudspeaker_white@2x.png
copying file ./Payload/GPhone.app/bubble-flat-incoming.png ... 
827 bytes for ./Payload/GPhone.app/bubble-flat-incoming.png
copying file ./Payload/GPhone.app/icon_avp_invite_black@2x.png ... 
1350 bytes for ./Payload/GPhone.app/icon_avp_invite_black@2x.png
copying file ./Payload/GPhone.app/icon_avp_reduce_black@2x.png ... 
674 bytes for ./Payload/GPhone.app/icon_avp_reduce_black@2x.png
copying file ./Payload/GPhone.app/PkgInfo ... 
8 bytes for ./Payload/GPhone.app/PkgInfo
copying file ./Payload/GPhone.app/icon_avp_invite_blue@2x.png ... 
1372 bytes for ./Payload/GPhone.app/icon_avp_invite_blue@2x.png
2018-07-15 05:39:22 +0000  copying file ./Payload/GPhone.app/CallHistoryCell.nib ... 
2018-07-15 05:39:22 +0000  4124 bytes for ./Payload/GPhone.app/CallHistoryCell.nib
copying file ./Payload/GPhone.app/icon_avp_video_gray@2x.png ... 
2018-07-15 05:39:22 +0000  707 bytes for ./Payload/GPhone.app/icon_avp_video_gray@2x.png
copying file ./Payload/GPhone.app/bubble-default-incoming-selected.png ... 
2018-07-15 05:39:22 +0000  4629 bytes for ./Payload/GPhone.app/bubble-default-incoming-selected.png
copying file ./Payload/GPhone.app/icon_av_audio_micro_press@2x.png ... 
2018-07-15 05:39:22 +0000  3512 bytes for ./Payload/GPhone.app/icon_av_audio_micro_press@2x.png
2018-07-15 05:39:22 +0000  2018-07-15 05:39:22 +0000  

2018-07-15 05:39:22 +0000  /usr/bin/ditto exited with 02018-07-15 05:39:22 +0000  

2018-07-15 05:39:22 +0000  
2018-07-15 05:39:22 +0000  Processing step: IDEDistributionCreateManifestStep
